{"uid":"dd385bcc7a51775d","name":"Validate order summary and complete order","historyId":"[batch: batch-1][stories-chain: file:/D:/a/vividus-advance-demo/vividus-advance-demo/output/resources/main/story/web/Known_Issue.story][scenario: Validate order summary and complete order-0]","time":{"start":1706165889535,"stop":1706165904110,"duration":14575},"status":"failed","statusMessage":"1) The element to get text is not found by the locator  CSS selector: 'div.cart_item:nth-child(3) div.inventory_item_price'; Visibility: VISIBLE;\r\n2) The element to get text is not found by the locator  CSS selector: 'div.cart_item:nth-child(4) div.inventory_item_price'; Visibility: VISIBLE;\r\n3) The element to get text is not found by the locator  Class name: 'summary_tax_label'; Visibility: VISIBLE;\r\n4) The element to get text is not found by the locator  Class name: 'summary_total_label'; Visibility: VISIBLE;\r\n5) Checking if \"#{round(#{eval(#{substringAfter(${firstItemPrice}, $)} + #{substringAfter(${secondItemPrice}, $)} + #{substringAfter(${taxPrice}, $)})}, 2, half up)}\" is equal to \"#{substringAfter(${totalPriceActual}, $)}\" [Expected: \"#{substringAfter(${totalPriceActual}, $)}\" Actual: was \"#{round(#{eval(#{substringAfter(${firstItemPrice}, $)} + #{substringAfter(${secondItemPrice}, $)} + #{substringAfter(${taxPrice}, $)})}, 2, half up)}\"]\r\n6) Element to click is not found by the locator  Id: 'finish'; Visibility: VISIBLE;\r\n7) The element to get text is not found by the locator  Tag name: 'h2'; Visibility: VISIBLE;\r\n8) Checking if \"#{eval(`Thank you for your order! See you next time.` == `${thankYouWeb}`)}\" is equal to \"true\" [Expected: \"true\" Actual: was \"#{eval(`Thank you for your order! See you next time.` == `${thankYouWeb}`)}\"]","statusTrace":"\r\norg.vividus.softassert.exception.VerificationError: \r\n1) java.lang.AssertionError: The element to get text is not found by the locator  CSS selector: 'div.cart_item:nth-child(3) div.inventory_item_price'; Visibility: VISIBLE;\r\n\tat org.vividus.steps.ui.validation.BaseValidations.doesOnlyOneElementExist(BaseValidations.java:136)\r\n\tat org.vividus.steps.ui.validation.BaseValidations.assertElementExistsImpl(BaseValidations.java:126)\r\n\tat org.vividus.steps.ui.validation.BaseValidations.lambda$assertElementExists$2(BaseValidations.java:109)\r\n\tat org.vividus.steps.ui.validation.BaseValidations.assertElementExists(BaseValidations.java:108)\r\n\tat org.vividus.steps.ui.GenericSetVariableSteps.saveTextOfElement(GenericSetVariableSteps.java:98)\r\n2) java.lang.AssertionError: The element to get text is not found by the locator  CSS selector: 'div.cart_item:nth-child(4) div.inventory_item_price'; Visibility: VISIBLE;\r\n\tat org.vividus.steps.ui.validation.BaseValidations.doesOnlyOneElementExist(BaseValidations.java:136)\r\n\tat org.vividus.steps.ui.validation.BaseValidations.assertElementExistsImpl(BaseValidations.java:126)\r\n\tat org.vividus.steps.ui.validation.BaseValidations.lambda$assertElementExists$2(BaseValidations.java:109)\r\n\tat org.vividus.steps.ui.validation.BaseValidations.assertElementExists(BaseValidations.java:108)\r\n\tat org.vividus.steps.ui.GenericSetVariableSteps.saveTextOfElement(GenericSetVariableSteps.java:98)\r\n3) java.lang.AssertionError: The element to get text is not found by the locator  Class name: 'summary_tax_label'; Visibility: VISIBLE;\r\n\tat org.vividus.steps.ui.validation.BaseValidations.doesOnlyOneElementExist(BaseValidations.java:136)\r\n\tat org.vividus.steps.ui.validation.BaseValidations.assertElementExistsImpl(BaseValidations.java:126)\r\n\tat org.vividus.steps.ui.validation.BaseValidations.lambda$assertElementExists$2(BaseValidations.java:109)\r\n\tat org.vividus.steps.ui.validation.BaseValidations.assertElementExists(BaseValidations.java:108)\r\n\tat org.vividus.steps.ui.GenericSetVariableSteps.saveTextOfElement(GenericSetVariableSteps.java:98)\r\n4) java.lang.AssertionError: The element to get text is not found by the locator  Class name: 'summary_total_label'; Visibility: VISIBLE;\r\n\tat org.vividus.steps.ui.validation.BaseValidations.doesOnlyOneElementExist(BaseValidations.java:136)\r\n\tat org.vividus.steps.ui.validation.BaseValidations.assertElementExistsImpl(BaseValidations.java:126)\r\n\tat org.vividus.steps.ui.validation.BaseValidations.lambda$assertElementExists$2(BaseValidations.java:109)\r\n\tat org.vividus.steps.ui.validation.BaseValidations.assertElementExists(BaseValidations.java:108)\r\n\tat org.vividus.steps.ui.GenericSetVariableSteps.saveTextOfElement(GenericSetVariableSteps.java:98)\r\n5) java.lang.AssertionError: Checking if \"#{round(#{eval(#{substringAfter(${firstItemPrice}, $)} + #{substringAfter(${secondItemPrice}, $)} + #{substringAfter(${taxPrice}, $)})}, 2, half up)}\" is equal to \"#{substringAfter(${totalPriceActual}, $)}\" [Expected: \"#{substringAfter(${totalPriceActual}, $)}\" Actual: was \"#{round(#{eval(#{substringAfter(${firstItemPrice}, $)} + #{substringAfter(${secondItemPrice}, $)} + #{substringAfter(${taxPrice}, $)})}, 2, half up)}\"]\r\n\tat org.vividus.steps.VariablesSteps$1.compareValues(VariablesSteps.java:72)\r\n\tat org.vividus.steps.VariableComparator.compare(VariableComparator.java:50)\r\n\tat org.vividus.steps.VariablesSteps.compareVariables(VariablesSteps.java:127)\r\n6) java.lang.AssertionError: Element to click is not found by the locator  Id: 'finish'; Visibility: VISIBLE;\r\n\tat org.vividus.steps.ui.validation.BaseValidations.doesOnlyOneElementExist(BaseValidations.java:136)\r\n\tat org.vividus.steps.ui.validation.BaseValidations.assertElementExistsImpl(BaseValidations.java:126)\r\n\tat org.vividus.steps.ui.validation.BaseValidations.lambda$assertElementExists$2(BaseValidations.java:109)\r\n\tat org.vividus.steps.ui.validation.BaseValidations.assertElementExists(BaseValidations.java:108)\r\n\tat org.vividus.steps.ui.web.MouseSteps.findAndClick(MouseSteps.java:178)\r\n\tat org.vividus.steps.ui.web.MouseSteps.clickOnElement(MouseSteps.java:64)\r\n7) java.lang.AssertionError: The element to get text is not found by the locator  Tag name: 'h2'; Visibility: VISIBLE;\r\n\tat org.vividus.steps.ui.validation.BaseValidations.doesOnlyOneElementExist(BaseValidations.java:136)\r\n\tat org.vividus.steps.ui.validation.BaseValidations.assertElementExistsImpl(BaseValidations.java:126)\r\n\tat org.vividus.steps.ui.validation.BaseValidations.lambda$assertElementExists$2(BaseValidations.java:109)\r\n\tat org.vividus.steps.ui.validation.BaseValidations.assertElementExists(BaseValidations.java:108)\r\n\tat org.vividus.steps.ui.GenericSetVariableSteps.saveTextOfElement(GenericSetVariableSteps.java:98)\r\n8) java.lang.AssertionError: Checking if \"#{eval(`Thank you for your order! See you next time.` == `${thankYouWeb}`)}\" is equal to \"true\" [Expected: \"true\" Actual: was \"#{eval(`Thank you for your order! See you next time.` == `${thankYouWeb}`)}\"]\r\n\tat org.vividus.steps.VariablesSteps$1.compareValues(VariablesSteps.java:72)\r\n\tat org.vividus.steps.VariableComparator.compare(VariableComparator.java:50)\r\n\tat org.vividus.steps.VariablesSteps.compareVariables(VariablesSteps.java:127)\r\n\r\n\tat org.vividus.softassert.SoftAssert.verify(SoftAssert.java:298)\r\n\tat org.vividus.steps.AssertSteps.verifyIfAssertionsPassed(AssertSteps.java:45)\r\n\tat java.base/jdk.internal.reflect.DirectMethodHandleAccessor.invoke(DirectMethodHandleAccessor.java:104)\r\n\tat java.base/java.lang.reflect.Method.invoke(Method.java:578)\r\n\tat org.jbehave.core.steps.StepCreator$MethodInvoker.invoke(StepCreator.java:1088)\r\n\tat org.jbehave.core.steps.StepCreator$BeforeOrAfterStep.perform(StepCreator.java:700)\r\n\tat org.jbehave.core.steps.StepCreator$ReportingAbstractStep.perform(StepCreator.java:639)\r\n\tat org.jbehave.core.steps.StepCreator$DelegatingStep.perform(StepCreator.java:663)\r\n\tat org.jbehave.core.embedder.PerformableTree$FineSoFar.run(PerformableTree.java:379)\r\n\tat org.jbehave.core.embedder.PerformableTree$PerformableSteps.perform(PerformableTree.java:1442)\r\n\tat org.jbehave.core.embedder.PerformableTree$PerformableEntity.performHookSteps(PerformableTree.java:1000)\r\n\tat org.jbehave.core.embedder.PerformableTree$PerformableEntity.performAfterSteps(PerformableTree.java:979)\r\n\tat org.jbehave.core.embedder.PerformableTree$AbstractPerformableScenario.lambda$performScenario$1(PerformableTree.java:1292)\r\n\tat org.jbehave.core.embedder.PerformableTree$PerformableEntity.performWithStopExecutionExceptionHandling(PerformableTree.java:968)\r\n\tat org.jbehave.core.embedder.PerformableTree$AbstractPerformableScenario.performScenario(PerformableTree.java:1277)\r\n\tat org.jbehave.core.embedder.PerformableTree$NormalPerformableScenario.perform(PerformableTree.java:1333)\r\n\tat org.jbehave.core.embedder.PerformableTree$PerformableScenario.perform(PerformableTree.java:1226)\r\n\tat org.jbehave.core.embedder.PerformableTree$PerformableStory.lambda$perform$0(PerformableTree.java:1091)\r\n\tat org.jbehave.core.embedder.PerformableTree$PerformableEntity.performWithStopExecutionExceptionHandling(PerformableTree.java:966)\r\n\tat org.jbehave.core.embedder.PerformableTree$PerformableStory.perform(PerformableTree.java:1083)\r\n\tat org.jbehave.core.embedder.PerformableTree.performCancellable(PerformableTree.java:521)\r\n\tat org.jbehave.core.embedder.PerformableTree.perform(PerformableTree.java:488)\r\n\tat org.jbehave.core.embedder.StoryManager$EnqueuedStory.call(StoryManager.java:305)\r\n\tat org.jbehave.core.embedder.StoryManager$EnqueuedStory.call(StoryManager.java:278)\r\n\tat java.base/java.util.concurrent.FutureTask.run(FutureTask.java:317)\r\n\tat java.base/java.util.concurrent.ThreadPoolExecutor.runWorker(ThreadPoolExecutor.java:1144)\r\n\tat java.base/java.util.concurrent.ThreadPoolExecutor$Worker.run(ThreadPoolExecutor.java:642)\r\n\tat java.base/java.lang.Thread.run(Thread.java:1589)\r\n","flaky":false,"newFailed":false,"newBroken":false,"newPassed":false,"retriesCount":0,"retriesStatusChange":false,"beforeStages":[],"testStage":{"status":"failed","statusMessage":"1) The element to get text is not found by the locator  CSS selector: 'div.cart_item:nth-child(3) div.inventory_item_price'; Visibility: VISIBLE;\r\n2) The element to get text is not found by the locator  CSS selector: 'div.cart_item:nth-child(4) div.inventory_item_price'; Visibility: VISIBLE;\r\n3) The element to get text is not found by the locator  Class name: 'summary_tax_label'; Visibility: VISIBLE;\r\n4) The element to get text is not found by the locator  Class name: 'summary_total_label'; Visibility: VISIBLE;\r\n5) Checking if \"#{round(#{eval(#{substringAfter(${firstItemPrice}, $)} + #{substringAfter(${secondItemPrice}, $)} + #{substringAfter(${taxPrice}, $)})}, 2, half up)}\" is equal to \"#{substringAfter(${totalPriceActual}, $)}\" [Expected: \"#{substringAfter(${totalPriceActual}, $)}\" Actual: was \"#{round(#{eval(#{substringAfter(${firstItemPrice}, $)} + #{substringAfter(${secondItemPrice}, $)} + #{substringAfter(${taxPrice}, $)})}, 2, half up)}\"]\r\n6) Element to click is not found by the locator  Id: 'finish'; Visibility: VISIBLE;\r\n7) The element to get text is not found by the locator  Tag name: 'h2'; Visibility: VISIBLE;\r\n8) Checking if \"#{eval(`Thank you for your order! See you next time.` == `${thankYouWeb}`)}\" is equal to \"true\" [Expected: \"true\" Actual: was \"#{eval(`Thank you for your order! See you next time.` == `${thankYouWeb}`)}\"]","statusTrace":"\r\norg.vividus.softassert.exception.VerificationError: \r\n1) java.lang.AssertionError: The element to get text is not found by the locator  CSS selector: 'div.cart_item:nth-child(3) div.inventory_item_price'; Visibility: VISIBLE;\r\n\tat org.vividus.steps.ui.validation.BaseValidations.doesOnlyOneElementExist(BaseValidations.java:136)\r\n\tat org.vividus.steps.ui.validation.BaseValidations.assertElementExistsImpl(BaseValidations.java:126)\r\n\tat org.vividus.steps.ui.validation.BaseValidations.lambda$assertElementExists$2(BaseValidations.java:109)\r\n\tat org.vividus.steps.ui.validation.BaseValidations.assertElementExists(BaseValidations.java:108)\r\n\tat org.vividus.steps.ui.GenericSetVariableSteps.saveTextOfElement(GenericSetVariableSteps.java:98)\r\n2) java.lang.AssertionError: The element to get text is not found by the locator  CSS selector: 'div.cart_item:nth-child(4) div.inventory_item_price'; Visibility: VISIBLE;\r\n\tat org.vividus.steps.ui.validation.BaseValidations.doesOnlyOneElementExist(BaseValidations.java:136)\r\n\tat org.vividus.steps.ui.validation.BaseValidations.assertElementExistsImpl(BaseValidations.java:126)\r\n\tat org.vividus.steps.ui.validation.BaseValidations.lambda$assertElementExists$2(BaseValidations.java:109)\r\n\tat org.vividus.steps.ui.validation.BaseValidations.assertElementExists(BaseValidations.java:108)\r\n\tat org.vividus.steps.ui.GenericSetVariableSteps.saveTextOfElement(GenericSetVariableSteps.java:98)\r\n3) java.lang.AssertionError: The element to get text is not found by the locator  Class name: 'summary_tax_label'; Visibility: VISIBLE;\r\n\tat org.vividus.steps.ui.validation.BaseValidations.doesOnlyOneElementExist(BaseValidations.java:136)\r\n\tat org.vividus.steps.ui.validation.BaseValidations.assertElementExistsImpl(BaseValidations.java:126)\r\n\tat org.vividus.steps.ui.validation.BaseValidations.lambda$assertElementExists$2(BaseValidations.java:109)\r\n\tat org.vividus.steps.ui.validation.BaseValidations.assertElementExists(BaseValidations.java:108)\r\n\tat org.vividus.steps.ui.GenericSetVariableSteps.saveTextOfElement(GenericSetVariableSteps.java:98)\r\n4) java.lang.AssertionError: The element to get text is not found by the locator  Class name: 'summary_total_label'; Visibility: VISIBLE;\r\n\tat org.vividus.steps.ui.validation.BaseValidations.doesOnlyOneElementExist(BaseValidations.java:136)\r\n\tat org.vividus.steps.ui.validation.BaseValidations.assertElementExistsImpl(BaseValidations.java:126)\r\n\tat org.vividus.steps.ui.validation.BaseValidations.lambda$assertElementExists$2(BaseValidations.java:109)\r\n\tat org.vividus.steps.ui.validation.BaseValidations.assertElementExists(BaseValidations.java:108)\r\n\tat org.vividus.steps.ui.GenericSetVariableSteps.saveTextOfElement(GenericSetVariableSteps.java:98)\r\n5) java.lang.AssertionError: Checking if \"#{round(#{eval(#{substringAfter(${firstItemPrice}, $)} + #{substringAfter(${secondItemPrice}, $)} + #{substringAfter(${taxPrice}, $)})}, 2, half up)}\" is equal to \"#{substringAfter(${totalPriceActual}, $)}\" [Expected: \"#{substringAfter(${totalPriceActual}, $)}\" Actual: was \"#{round(#{eval(#{substringAfter(${firstItemPrice}, $)} + #{substringAfter(${secondItemPrice}, $)} + #{substringAfter(${taxPrice}, $)})}, 2, half up)}\"]\r\n\tat org.vividus.steps.VariablesSteps$1.compareValues(VariablesSteps.java:72)\r\n\tat org.vividus.steps.VariableComparator.compare(VariableComparator.java:50)\r\n\tat org.vividus.steps.VariablesSteps.compareVariables(VariablesSteps.java:127)\r\n6) java.lang.AssertionError: Element to click is not found by the locator  Id: 'finish'; Visibility: VISIBLE;\r\n\tat org.vividus.steps.ui.validation.BaseValidations.doesOnlyOneElementExist(BaseValidations.java:136)\r\n\tat org.vividus.steps.ui.validation.BaseValidations.assertElementExistsImpl(BaseValidations.java:126)\r\n\tat org.vividus.steps.ui.validation.BaseValidations.lambda$assertElementExists$2(BaseValidations.java:109)\r\n\tat org.vividus.steps.ui.validation.BaseValidations.assertElementExists(BaseValidations.java:108)\r\n\tat org.vividus.steps.ui.web.MouseSteps.findAndClick(MouseSteps.java:178)\r\n\tat org.vividus.steps.ui.web.MouseSteps.clickOnElement(MouseSteps.java:64)\r\n7) java.lang.AssertionError: The element to get text is not found by the locator  Tag name: 'h2'; Visibility: VISIBLE;\r\n\tat org.vividus.steps.ui.validation.BaseValidations.doesOnlyOneElementExist(BaseValidations.java:136)\r\n\tat org.vividus.steps.ui.validation.BaseValidations.assertElementExistsImpl(BaseValidations.java:126)\r\n\tat org.vividus.steps.ui.validation.BaseValidations.lambda$assertElementExists$2(BaseValidations.java:109)\r\n\tat org.vividus.steps.ui.validation.BaseValidations.assertElementExists(BaseValidations.java:108)\r\n\tat org.vividus.steps.ui.GenericSetVariableSteps.saveTextOfElement(GenericSetVariableSteps.java:98)\r\n8) java.lang.AssertionError: Checking if \"#{eval(`Thank you for your order! See you next time.` == `${thankYouWeb}`)}\" is equal to \"true\" [Expected: \"true\" Actual: was \"#{eval(`Thank you for your order! See you next time.` == `${thankYouWeb}`)}\"]\r\n\tat org.vividus.steps.VariablesSteps$1.compareValues(VariablesSteps.java:72)\r\n\tat org.vividus.steps.VariableComparator.compare(VariableComparator.java:50)\r\n\tat org.vividus.steps.VariablesSteps.compareVariables(VariablesSteps.java:127)\r\n\r\n\tat org.vividus.softassert.SoftAssert.verify(SoftAssert.java:298)\r\n\tat org.vividus.steps.AssertSteps.verifyIfAssertionsPassed(AssertSteps.java:45)\r\n\tat java.base/jdk.internal.reflect.DirectMethodHandleAccessor.invoke(DirectMethodHandleAccessor.java:104)\r\n\tat java.base/java.lang.reflect.Method.invoke(Method.java:578)\r\n\tat org.jbehave.core.steps.StepCreator$MethodInvoker.invoke(StepCreator.java:1088)\r\n\tat org.jbehave.core.steps.StepCreator$BeforeOrAfterStep.perform(StepCreator.java:700)\r\n\tat org.jbehave.core.steps.StepCreator$ReportingAbstractStep.perform(StepCreator.java:639)\r\n\tat org.jbehave.core.steps.StepCreator$DelegatingStep.perform(StepCreator.java:663)\r\n\tat org.jbehave.core.embedder.PerformableTree$FineSoFar.run(PerformableTree.java:379)\r\n\tat org.jbehave.core.embedder.PerformableTree$PerformableSteps.perform(PerformableTree.java:1442)\r\n\tat org.jbehave.core.embedder.PerformableTree$PerformableEntity.performHookSteps(PerformableTree.java:1000)\r\n\tat org.jbehave.core.embedder.PerformableTree$PerformableEntity.performAfterSteps(PerformableTree.java:979)\r\n\tat org.jbehave.core.embedder.PerformableTree$AbstractPerformableScenario.lambda$performScenario$1(PerformableTree.java:1292)\r\n\tat org.jbehave.core.embedder.PerformableTree$PerformableEntity.performWithStopExecutionExceptionHandling(PerformableTree.java:968)\r\n\tat org.jbehave.core.embedder.PerformableTree$AbstractPerformableScenario.performScenario(PerformableTree.java:1277)\r\n\tat org.jbehave.core.embedder.PerformableTree$NormalPerformableScenario.perform(PerformableTree.java:1333)\r\n\tat org.jbehave.core.embedder.PerformableTree$PerformableScenario.perform(PerformableTree.java:1226)\r\n\tat org.jbehave.core.embedder.PerformableTree$PerformableStory.lambda$perform$0(PerformableTree.java:1091)\r\n\tat org.jbehave.core.embedder.PerformableTree$PerformableEntity.performWithStopExecutionExceptionHandling(PerformableTree.java:966)\r\n\tat org.jbehave.core.embedder.PerformableTree$PerformableStory.perform(PerformableTree.java:1083)\r\n\tat org.jbehave.core.embedder.PerformableTree.performCancellable(PerformableTree.java:521)\r\n\tat org.jbehave.core.embedder.PerformableTree.perform(PerformableTree.java:488)\r\n\tat org.jbehave.core.embedder.StoryManager$EnqueuedStory.call(StoryManager.java:305)\r\n\tat org.jbehave.core.embedder.StoryManager$EnqueuedStory.call(StoryManager.java:278)\r\n\tat java.base/java.util.concurrent.FutureTask.run(FutureTask.java:317)\r\n\tat java.base/java.util.concurrent.ThreadPoolExecutor.runWorker(ThreadPoolExecutor.java:1144)\r\n\tat java.base/java.util.concurrent.ThreadPoolExecutor$Worker.run(ThreadPoolExecutor.java:642)\r\n\tat java.base/java.lang.Thread.run(Thread.java:1589)\r\n","steps":[{"name":"When I click on element located by `id(continue)`","time":{"start":1706165889535,"stop":1706165892388,"duration":2853},"status":"passed","steps":[{"name":"The total number of elements found by \"id: continue\" is 1, the number of visible elements is 1\r\n","time":{"start":1706165889571,"stop":1706165889571,"duration":0},"status":"passed","steps":[],"attachments":[],"parameters":[],"shouldDisplayMessage":false,"stepsCount":0,"attachmentsCount":0,"hasContent":false,"attachmentStep":false},{"name":"Pass: Element to click is found by the locator  Id: 'continue'; Visibility: VISIBLE;\r\n","time":{"start":1706165889572,"stop":1706165889572,"duration":0},"status":"passed","steps":[],"attachments":[],"parameters":[],"shouldDisplayMessage":false,"stepsCount":0,"attachmentsCount":0,"hasContent":false,"attachmentStep":false}],"attachments":[],"parameters":[],"shouldDisplayMessage":false,"stepsCount":2,"attachmentsCount":0,"hasContent":true,"attachmentStep":false},{"name":"Then I validate the order summary","time":{"start":1706165892388,"stop":1706165902147,"duration":9759},"status":"failed","steps":[{"name":"When I save text of element located by `cssSelector(div.cart_item:nth-child(3) div.inventory_item_price)` to ｟scenario｠ variable `firstItemPrice`","time":{"start":1706165892388,"stop":1706165894407,"duration":2019},"status":"failed","steps":[{"name":"The total number of elements found by \"cssSelector: div.cart_item:nth-child(3) div.inventory_item_price\" is 0\r\n","time":{"start":1706165892401,"stop":1706165892401,"duration":0},"status":"passed","steps":[],"attachments":[],"parameters":[],"shouldDisplayMessage":false,"stepsCount":0,"attachmentsCount":0,"hasContent":false,"attachmentStep":false},{"name":"Fail: The element to get text is not found by the locator  CSS selector: 'div.cart_item:nth-child(3) div.inventory_item_price'; Visibility: VISIBLE;\r\n","time":{"start":1706165892401,"stop":1706165892401,"duration":0},"status":"failed","steps":[],"attachments":[],"parameters":[],"shouldDisplayMessage":false,"stepsCount":0,"attachmentsCount":0,"hasContent":false,"attachmentStep":false}],"attachments":[{"uid":"52c73e4b5d77bd3f","name":"2024-01-25_06-58-14_316-Assertion_Failure-chrome-1040x744","source":"52c73e4b5d77bd3f.png","type":"image/png","size":27346},{"uid":"f6814fe75c664a9d","name":"Application source code","source":"f6814fe75c664a9d.html","type":"text/html","size":26873}],"parameters":[],"shouldDisplayMessage":false,"stepsCount":2,"attachmentsCount":2,"hasContent":true,"attachmentStep":false},{"name":"Given I initialize ｟scenario｠ variable `firstItemPrice` with value `#{substringAfter(${firstItemPrice}, $)}`","time":{"start":1706165894407,"stop":1706165894407,"duration":0},"status":"passed","steps":[{"name":"Saving a value '#{substringAfter(${firstItemPrice}, $)}' into the scenario variable 'firstItemPrice'\r\n","time":{"start":1706165894407,"stop":1706165894407,"duration":0},"status":"passed","steps":[],"attachments":[],"parameters":[],"shouldDisplayMessage":false,"stepsCount":0,"attachmentsCount":0,"hasContent":false,"attachmentStep":false}],"attachments":[],"parameters":[],"shouldDisplayMessage":false,"stepsCount":1,"attachmentsCount":0,"hasContent":true,"attachmentStep":false},{"name":"When I save text of element located by `cssSelector(div.cart_item:nth-child(4) div.inventory_item_price)` to ｟scenario｠ variable `secondItemPrice`","time":{"start":1706165894407,"stop":1706165896286,"duration":1879},"status":"failed","steps":[{"name":"The total number of elements found by \"cssSelector: div.cart_item:nth-child(4) div.inventory_item_price\" is 0\r\n","time":{"start":1706165894418,"stop":1706165894418,"duration":0},"status":"passed","steps":[],"attachments":[],"parameters":[],"shouldDisplayMessage":false,"stepsCount":0,"attachmentsCount":0,"hasContent":false,"attachmentStep":false},{"name":"Fail: The element to get text is not found by the locator  CSS selector: 'div.cart_item:nth-child(4) div.inventory_item_price'; Visibility: VISIBLE;\r\n","time":{"start":1706165894418,"stop":1706165894418,"duration":0},"status":"failed","steps":[],"attachments":[],"parameters":[],"shouldDisplayMessage":false,"stepsCount":0,"attachmentsCount":0,"hasContent":false,"attachmentStep":false}],"attachments":[{"uid":"3c637b85293ea225","name":"2024-01-25_06-58-16_278-Assertion_Failure-chrome-1040x744","source":"3c637b85293ea225.png","type":"image/png","size":27346},{"uid":"535918ade516b3b2","name":"Application source code","source":"535918ade516b3b2.html","type":"text/html","size":26873}],"parameters":[],"shouldDisplayMessage":false,"stepsCount":2,"attachmentsCount":2,"hasContent":true,"attachmentStep":false},{"name":"Given I initialize ｟scenario｠ variable `secondItemPrice` with value `#{substringAfter(${secondItemPrice}, $)}`","time":{"start":1706165896286,"stop":1706165896286,"duration":0},"status":"passed","steps":[{"name":"Saving a value '#{substringAfter(${secondItemPrice}, $)}' into the scenario variable 'secondItemPrice'\r\n","time":{"start":1706165896286,"stop":1706165896286,"duration":0},"status":"passed","steps":[],"attachments":[],"parameters":[],"shouldDisplayMessage":false,"stepsCount":0,"attachmentsCount":0,"hasContent":false,"attachmentStep":false}],"attachments":[],"parameters":[],"shouldDisplayMessage":false,"stepsCount":1,"attachmentsCount":0,"hasContent":true,"attachmentStep":false},{"name":"When I save text of element located by `className(summary_tax_label)` to ｟scenario｠ variable `taxPrice`","time":{"start":1706165896286,"stop":1706165898157,"duration":1871},"status":"failed","steps":[{"name":"The total number of elements found by \"className: summary_tax_label\" is 0\r\n","time":{"start":1706165896302,"stop":1706165896302,"duration":0},"status":"passed","steps":[],"attachments":[],"parameters":[],"shouldDisplayMessage":false,"stepsCount":0,"attachmentsCount":0,"hasContent":false,"attachmentStep":false},{"name":"Fail: The element to get text is not found by the locator  Class name: 'summary_tax_label'; Visibility: VISIBLE;\r\n","time":{"start":1706165896302,"stop":1706165896302,"duration":0},"status":"failed","steps":[],"attachments":[],"parameters":[],"shouldDisplayMessage":false,"stepsCount":0,"attachmentsCount":0,"hasContent":false,"attachmentStep":false}],"attachments":[{"uid":"dd70cf6808622a88","name":"2024-01-25_06-58-18_143-Assertion_Failure-chrome-1040x744","source":"dd70cf6808622a88.png","type":"image/png","size":27346},{"uid":"ce65beb63fcbef4a","name":"Application source code","source":"ce65beb63fcbef4a.html","type":"text/html","size":26873}],"parameters":[],"shouldDisplayMessage":false,"stepsCount":2,"attachmentsCount":2,"hasContent":true,"attachmentStep":false},{"name":"Given I initialize ｟scenario｠ variable `taxPrice` with value `#{substringAfter(${taxPrice}, $)}`","time":{"start":1706165898157,"stop":1706165898157,"duration":0},"status":"passed","steps":[{"name":"Saving a value '#{substringAfter(${taxPrice}, $)}' into the scenario variable 'taxPrice'\r\n","time":{"start":1706165898157,"stop":1706165898157,"duration":0},"status":"passed","steps":[],"attachments":[],"parameters":[],"shouldDisplayMessage":false,"stepsCount":0,"attachmentsCount":0,"hasContent":false,"attachmentStep":false}],"attachments":[],"parameters":[],"shouldDisplayMessage":false,"stepsCount":1,"attachmentsCount":0,"hasContent":true,"attachmentStep":false},{"name":"When I save text of element located by `className(summary_total_label)` to ｟scenario｠ variable `totalPriceActual`","time":{"start":1706165898157,"stop":1706165902079,"duration":3922},"status":"failed","steps":[{"name":"The total number of elements found by \"className: summary_total_label\" is 0\r\n","time":{"start":1706165898157,"stop":1706165898157,"duration":0},"status":"passed","steps":[],"attachments":[],"parameters":[],"shouldDisplayMessage":false,"stepsCount":0,"attachmentsCount":0,"hasContent":false,"attachmentStep":false},{"name":"The total number of elements found by \"className: summary_total_label\" is 0\r\n","time":{"start":1706165900175,"stop":1706165900175,"duration":0},"status":"passed","steps":[],"attachments":[],"parameters":[],"shouldDisplayMessage":false,"stepsCount":0,"attachmentsCount":0,"hasContent":false,"attachmentStep":false},{"name":"Fail: The element to get text is not found by the locator  Class name: 'summary_total_label'; Visibility: VISIBLE;\r\n","time":{"start":1706165900175,"stop":1706165900175,"duration":0},"status":"failed","steps":[],"attachments":[],"parameters":[],"shouldDisplayMessage":false,"stepsCount":0,"attachmentsCount":0,"hasContent":false,"attachmentStep":false}],"attachments":[{"uid":"a75db3a67620e272","name":"2024-01-25_06-58-22_063-Assertion_Failure-chrome-1040x744","source":"a75db3a67620e272.png","type":"image/png","size":27346},{"uid":"873dc80a180af2b6","name":"Application source code","source":"873dc80a180af2b6.html","type":"text/html","size":26873}],"parameters":[],"shouldDisplayMessage":false,"stepsCount":3,"attachmentsCount":2,"hasContent":true,"attachmentStep":false},{"name":"Given I initialize ｟scenario｠ variable `totalPriceActual` with value `#{substringAfter(${totalPriceActual}, $)}`","time":{"start":1706165902079,"stop":1706165902079,"duration":0},"status":"passed","steps":[{"name":"Saving a value '#{substringAfter(${totalPriceActual}, $)}' into the scenario variable 'totalPriceActual'\r\n","time":{"start":1706165902079,"stop":1706165902079,"duration":0},"status":"passed","steps":[],"attachments":[],"parameters":[],"shouldDisplayMessage":false,"stepsCount":0,"attachmentsCount":0,"hasContent":false,"attachmentStep":false}],"attachments":[],"parameters":[],"shouldDisplayMessage":false,"stepsCount":1,"attachmentsCount":0,"hasContent":true,"attachmentStep":false},{"name":"Then `#{round(#{eval(${firstItemPrice} + ${secondItemPrice} + ${taxPrice})}, 2, half up)}` is ｟equal to｠ `${totalPriceActual}`","time":{"start":1706165902079,"stop":1706165902147,"duration":68},"status":"failed","steps":[{"name":"Fail: Checking if \"#{round(#{eval(#{substringAfter(${firstItemPrice}, $)} + #{substringAfter(${secondItemPrice}, $)} + #{substringAfter(${taxPrice}, $)})}, 2, half up)}\" is equal to \"#{substringAfter(${totalPriceActual}, $)}\" [Expected: \"#{substringAfter(${totalPriceActual}, $)}\" Actual: was \"#{round(#{eval(#{substringAfter(${firstItemPrice}, $)} + #{substringAfter(${secondItemPrice}, $)} + #{substringAfter(${taxPrice}, $)})}, 2, half up)}\"]\r\n","time":{"start":1706165902094,"stop":1706165902094,"duration":0},"status":"failed","steps":[],"attachments":[],"parameters":[],"shouldDisplayMessage":false,"stepsCount":0,"attachmentsCount":0,"hasContent":false,"attachmentStep":false}],"attachments":[{"uid":"e034e19e6a19569c","name":"Application source code","source":"e034e19e6a19569c.html","type":"text/html","size":26873},{"uid":"c21067fa5bd5dd17","name":"Comparison result","source":"c21067fa5bd5dd17.html","type":"text/html","size":2084}],"parameters":[],"shouldDisplayMessage":false,"stepsCount":1,"attachmentsCount":2,"hasContent":true,"attachmentStep":false}],"attachments":[],"parameters":[],"shouldDisplayMessage":false,"stepsCount":23,"attachmentsCount":10,"hasContent":true,"attachmentStep":false},{"name":"When I click on element located by `id(finish)`","time":{"start":1706165902147,"stop":1706165902189,"duration":42},"status":"failed","steps":[{"name":"The total number of elements found by \"id: finish\" is 0\r\n","time":{"start":1706165902166,"stop":1706165902166,"duration":0},"status":"passed","steps":[],"attachments":[],"parameters":[],"shouldDisplayMessage":false,"stepsCount":0,"attachmentsCount":0,"hasContent":false,"attachmentStep":false},{"name":"Fail: Element to click is not found by the locator  Id: 'finish'; Visibility: VISIBLE;\r\n","time":{"start":1706165902166,"stop":1706165902166,"duration":0},"status":"failed","steps":[],"attachments":[],"parameters":[],"shouldDisplayMessage":false,"stepsCount":0,"attachmentsCount":0,"hasContent":false,"attachmentStep":false}],"attachments":[{"uid":"9f198851ee840535","name":"Application source code","source":"9f198851ee840535.html","type":"text/html","size":26873}],"parameters":[],"shouldDisplayMessage":false,"stepsCount":2,"attachmentsCount":1,"hasContent":true,"attachmentStep":false},{"name":"And I save text of element located by `tagName(h2)` to ｟scenario｠ variable `thankYouWeb`","time":{"start":1706165902189,"stop":1706165904094,"duration":1905},"status":"failed","steps":[{"name":"The total number of elements found by \"tagName: h2\" is 0\r\n","time":{"start":1706165902205,"stop":1706165902205,"duration":0},"status":"passed","steps":[],"attachments":[],"parameters":[],"shouldDisplayMessage":false,"stepsCount":0,"attachmentsCount":0,"hasContent":false,"attachmentStep":false},{"name":"Fail: The element to get text is not found by the locator  Tag name: 'h2'; Visibility: VISIBLE;\r\n","time":{"start":1706165902205,"stop":1706165902205,"duration":0},"status":"failed","steps":[],"attachments":[],"parameters":[],"shouldDisplayMessage":false,"stepsCount":0,"attachmentsCount":0,"hasContent":false,"attachmentStep":false}],"attachments":[{"uid":"590a3d5cdec02f53","name":"2024-01-25_06-58-24_078-Assertion_Failure-chrome-1040x744","source":"590a3d5cdec02f53.png","type":"image/png","size":27346},{"uid":"f1f4725ba5b03406","name":"Application source code","source":"f1f4725ba5b03406.html","type":"text/html","size":26873}],"parameters":[],"shouldDisplayMessage":false,"stepsCount":2,"attachmentsCount":2,"hasContent":true,"attachmentStep":false},{"name":"Given I initialize ｟scenario｠ variable `thankYouFile` with value `#{loadResource(/data/message_incorrect.txt)}`","time":{"start":1706165904094,"stop":1706165904094,"duration":0},"status":"passed","steps":[{"name":"Saving a value 'Thank you for your order! See you next time.' into the scenario variable 'thankYouFile'\r\n","time":{"start":1706165904094,"stop":1706165904094,"duration":0},"status":"passed","steps":[],"attachments":[],"parameters":[],"shouldDisplayMessage":false,"stepsCount":0,"attachmentsCount":0,"hasContent":false,"attachmentStep":false}],"attachments":[],"parameters":[],"shouldDisplayMessage":false,"stepsCount":1,"attachmentsCount":0,"hasContent":true,"attachmentStep":false},{"name":"Then `#{eval(`${thankYouFile}` == `${thankYouWeb}`)}` is ｟=｠ `true`","time":{"start":1706165904094,"stop":1706165904110,"duration":16},"status":"failed","steps":[{"name":"Fail: Checking if \"#{eval(`Thank you for your order! See you next time.` == `${thankYouWeb}`)}\" is equal to \"true\" [Expected: \"true\" Actual: was \"#{eval(`Thank you for your order! See you next time.` == `${thankYouWeb}`)}\"]\r\n","time":{"start":1706165904094,"stop":1706165904094,"duration":0},"status":"failed","steps":[],"attachments":[],"parameters":[],"shouldDisplayMessage":false,"stepsCount":0,"attachmentsCount":0,"hasContent":false,"attachmentStep":false}],"attachments":[{"uid":"160c56fd193d14ac","name":"Application source code","source":"160c56fd193d14ac.html","type":"text/html","size":26873}],"parameters":[],"shouldDisplayMessage":false,"stepsCount":1,"attachmentsCount":1,"hasContent":true,"attachmentStep":false},{"name":"@AfterScenario","time":{"start":1706165904110,"stop":1706165904110,"duration":0},"status":"failed","steps":[{"name":"Failed verification: 8 of 9 assertions failed. Known issues are not found.\r\n1) java.lang.AssertionError: The element to get text is not found by the locator  CSS selector: 'div.cart_item:nth-child(3) div.inventory_item_price'; Visibility: VISIBLE;\r\n\tat org.vividus.steps.ui.validation.BaseValidations.doesOnlyOneElementExist(BaseValidations.java:136)\r\n\tat org.vividus.steps.ui.validation.BaseValidations.assertElementExistsImpl(BaseValidations.java:126)\r\n\tat org.vividus.steps.ui.validation.BaseValidations.lambda$assertElementExists$2(BaseValidations.java:109)\r\n\tat org.vividus.steps.ui.validation.BaseValidations.assertElementExists(BaseValidations.java:108)\r\n\tat org.vividus.steps.ui.GenericSetVariableSteps.saveTextOfElement(GenericSetVariableSteps.java:98)\r\n2) java.lang.AssertionError: The element to get text is not found by the locator  CSS selector: 'div.cart_item:nth-child(4) div.inventory_item_price'; Visibility: VISIBLE;\r\n\tat org.vividus.steps.ui.validation.BaseValidations.doesOnlyOneElementExist(BaseValidations.java:136)\r\n\tat org.vividus.steps.ui.validation.BaseValidations.assertElementExistsImpl(BaseValidations.java:126)\r\n\tat org.vividus.steps.ui.validation.BaseValidations.lambda$assertElementExists$2(BaseValidations.java:109)\r\n\tat org.vividus.steps.ui.validation.BaseValidations.assertElementExists(BaseValidations.java:108)\r\n\tat org.vividus.steps.ui.GenericSetVariableSteps.saveTextOfElement(GenericSetVariableSteps.java:98)\r\n3) java.lang.AssertionError: The element to get text is not found by the locator  Class name: 'summary_tax_label'; Visibility: VISIBLE;\r\n\tat org.vividus.steps.ui.validation.BaseValidations.doesOnlyOneElementExist(BaseValidations.java:136)\r\n\tat org.vividus.steps.ui.validation.BaseValidations.assertElementExistsImpl(BaseValidations.java:126)\r\n\tat org.vividus.steps.ui.validation.BaseValidations.lambda$assertElementExists$2(BaseValidations.java:109)\r\n\tat org.vividus.steps.ui.validation.BaseValidations.assertElementExists(BaseValidations.java:108)\r\n\tat org.vividus.steps.ui.GenericSetVariableSteps.saveTextOfElement(GenericSetVariableSteps.java:98)\r\n4) java.lang.AssertionError: The element to get text is not found by the locator  Class name: 'summary_total_label'; Visibility: VISIBLE;\r\n\tat org.vividus.steps.ui.validation.BaseValidations.doesOnlyOneElementExist(BaseValidations.java:136)\r\n\tat org.vividus.steps.ui.validation.BaseValidations.assertElementExistsImpl(BaseValidations.java:126)\r\n\tat org.vividus.steps.ui.validation.BaseValidations.lambda$assertElementExists$2(BaseValidations.java:109)\r\n\tat org.vividus.steps.ui.validation.BaseValidations.assertElementExists(BaseValidations.java:108)\r\n\tat org.vividus.steps.ui.GenericSetVariableSteps.saveTextOfElement(GenericSetVariableSteps.java:98)\r\n5) java.lang.AssertionError: Checking if \"#{round(#{eval(#{substringAfter(${firstItemPrice}, $)} + #{substringAfter(${secondItemPrice}, $)} + #{substringAfter(${taxPrice}, $)})}, 2, half up)}\" is equal to \"#{substringAfter(${totalPriceActual}, $)}\" [Expected: \"#{substringAfter(${totalPriceActual}, $)}\" Actual: was \"#{round(#{eval(#{substringAfter(${firstItemPrice}, $)} + #{substringAfter(${secondItemPrice}, $)} + #{substringAfter(${taxPrice}, $)})}, 2, half up)}\"]\r\n\tat org.vividus.steps.VariablesSteps$1.compareValues(VariablesSteps.java:72)\r\n\tat org.vividus.steps.VariableComparator.compare(VariableComparator.java:50)\r\n\tat org.vividus.steps.VariablesSteps.compareVariables(VariablesSteps.java:127)\r\n6) java.lang.AssertionError: Element to click is not found by the locator  Id: 'finish'; Visibility: VISIBLE;\r\n\tat org.vividus.steps.ui.validation.BaseValidations.doesOnlyOneElementExist(BaseValidations.java:136)\r\n\tat org.vividus.steps.ui.validation.BaseValidations.assertElementExistsImpl(BaseValidations.java:126)\r\n\tat org.vividus.steps.ui.validation.BaseValidations.lambda$assertElementExists$2(BaseValidations.java:109)\r\n\tat org.vividus.steps.ui.validation.BaseValidations.assertElementExists(BaseValidations.java:108)\r\n\tat org.vividus.steps.ui.web.MouseSteps.findAndClick(MouseSteps.java:178)\r\n\tat org.vividus.steps.ui.web.MouseSteps.clickOnElement(MouseSteps.java:64)\r\n7) java.lang.AssertionError: The element to get text is not found by the locator  Tag name: 'h2'; Visibility: VISIBLE;\r\n\tat org.vividus.steps.ui.validation.BaseValidations.doesOnlyOneElementExist(BaseValidations.java:136)\r\n\tat org.vividus.steps.ui.validation.BaseValidations.assertElementExistsImpl(BaseValidations.java:126)\r\n\tat org.vividus.steps.ui.validation.BaseValidations.lambda$assertElementExists$2(BaseValidations.java:109)\r\n\tat org.vividus.steps.ui.validation.BaseValidations.assertElementExists(BaseValidations.java:108)\r\n\tat org.vividus.steps.ui.GenericSetVariableSteps.saveTextOfElement(GenericSetVariableSteps.java:98)\r\n8) java.lang.AssertionError: Checking if \"#{eval(`Thank you for your order! See you next time.` == `${thankYouWeb}`)}\" is equal to \"true\" [Expected: \"true\" Actual: was \"#{eval(`Thank you for your order! See you next time.` == `${thankYouWeb}`)}\"]\r\n\tat org.vividus.steps.VariablesSteps$1.compareValues(VariablesSteps.java:72)\r\n\tat org.vividus.steps.VariableComparator.compare(VariableComparator.java:50)\r\n\tat org.vividus.steps.VariablesSteps.compareVariables(VariablesSteps.java:127)\r\n\r\n","time":{"start":1706165904110,"stop":1706165904110,"duration":0},"status":"failed","steps":[],"attachments":[],"parameters":[],"shouldDisplayMessage":false,"stepsCount":0,"attachmentsCount":0,"hasContent":false,"attachmentStep":false}],"attachments":[],"parameters":[],"shouldDisplayMessage":false,"stepsCount":1,"attachmentsCount":0,"hasContent":true,"attachmentStep":false}],"attachments":[],"parameters":[],"shouldDisplayMessage":true,"stepsCount":39,"attachmentsCount":14,"hasContent":true,"attachmentStep":false},"afterStages":[],"labels":[{"name":"requirementId","value":"Known-Issue"},{"name":"framework","value":"VIVIDUS"},{"name":"host","value":"fv-az1390-572"},{"name":"thread","value":"2256@fv-az1390-572.batch-1-thread-1(37)"},{"name":"story","value":"Known_Issue"},{"name":"parentSuite","value":"batch-1"},{"name":"suite","value":"Known_Issue"},{"name":"tag","value":"@group web"},{"name":"resultFormat","value":"allure2"}],"parameters":[],"links":[{"name":"Known-Issue","type":"requirement"}],"hidden":false,"retry":false,"extra":{"severity":"normal","retries":[],"categories":[{"name":"Product defects","matchedStatuses":["failed"],"flaky":false}],"tags":["@group web"]},"source":"dd385bcc7a51775d.json","parameterValues":[]}